\BOOKMARK [0][-]{section*.1}{\376\377\000R\000e\000s\000u\000m\000e\000n}{}% 1
\BOOKMARK [0][-]{chapter.8}{\376\377\000I\000n\000t\000r\000o\000d\000u\000c\000c\000i\000\363\000n\000\040\000G\000e\000n\000e\000r\000a\000l}{}% 2
\BOOKMARK [1][-]{section.9}{\376\377\000M\000o\000t\000i\000v\000a\000c\000i\000\363\000n}{chapter.8}% 3
\BOOKMARK [1][-]{section.10}{\376\377\000O\000b\000j\000e\000t\000i\000v\000o\000s\000\040\000y\000\040\000a\000l\000c\000a\000n\000c\000e}{chapter.8}% 4
\BOOKMARK [2][-]{subsection.11}{\376\377\000O\000b\000j\000e\000t\000i\000v\000o}{section.10}% 5
\BOOKMARK [2][-]{subsection.12}{\376\377\000A\000l\000c\000a\000n\000c\000e}{section.10}% 6
\BOOKMARK [0][-]{chapter.13}{\376\377\000I\000n\000t\000r\000o\000d\000u\000c\000c\000i\000\363\000n\000\040\000E\000s\000p\000e\000c\000\355\000f\000i\000c\000a}{}% 7
\BOOKMARK [1][-]{section.14}{\376\377\000E\000s\000t\000r\000u\000c\000t\000u\000r\000a\000\040\000g\000e\000n\000e\000r\000a\000l\000\040\000d\000e\000l\000\040\000s\000i\000s\000t\000e\000m\000a}{chapter.13}% 8
\BOOKMARK [1][-]{section.15}{\376\377\000R\000e\000q\000u\000e\000r\000i\000m\000i\000e\000n\000t\000o\000s}{chapter.13}% 9
\BOOKMARK [1][-]{section.16}{\376\377\000T\000e\000c\000n\000o\000l\000o\000g\000\355\000a\000s\000\040\000d\000e\000\040\000c\000o\000m\000u\000n\000i\000c\000a\000c\000i\000\363\000n}{chapter.13}% 10
\BOOKMARK [2][-]{subsection.17}{\376\377\000T\000e\000c\000n\000o\000l\000o\000g\000\355\000a\000\040\000S\000i\000g\000f\000o\000x}{section.16}% 11
\BOOKMARK [2][-]{subsection.18}{\376\377\000T\000e\000c\000n\000o\000l\000o\000g\000\355\000a\000\040\000L\000o\000r\000a}{section.16}% 12
\BOOKMARK [1][-]{section.19}{\376\377\000A\000n\000t\000e\000c\000e\000d\000e\000n\000t\000e\000s}{chapter.13}% 13
\BOOKMARK [2][-]{subsection.20}{\376\377\000U\000s\000o\000\040\000d\000e\000\040\000m\000a\000y\000\372\000s\000c\000u\000l\000a\000\040\000i\000n\000i\000c\000i\000a\000l\000\040\000p\000a\000r\000a\000\040\000l\000o\000s\000\040\000t\000\355\000t\000u\000l\000o\000\040\000d\000e\000\040\000s\000e\000c\000c\000i\000o\000n\000e\000s}{section.19}% 14
\BOOKMARK [2][-]{subsection.23}{\376\377\000E\000s\000t\000e\000\040\000e\000s\000\040\000e\000l\000\040\000t\000\355\000t\000u\000l\000o\000\040\000d\000e\000\040\000u\000n\000a\000\040\000s\000u\000b\000s\000e\000c\000c\000i\000\363\000n}{section.19}% 15
\BOOKMARK [2][-]{subsection.24}{\376\377\000F\000i\000g\000u\000r\000a\000s}{section.19}% 16
\BOOKMARK [2][-]{subsection.31}{\376\377\000T\000a\000b\000l\000a\000s}{section.19}% 17
\BOOKMARK [2][-]{subsection.33}{\376\377\000E\000c\000u\000a\000c\000i\000o\000n\000e\000s}{section.19}% 18
\BOOKMARK [0][-]{chapter.36}{\376\377\000D\000i\000s\000e\000\361\000o\000\040\000e\000\040\000I\000m\000p\000l\000e\000m\000e\000n\000t\000a\000c\000i\000\363\000n}{}% 19
\BOOKMARK [1][-]{section.37}{\376\377\000M\000o\000d\000u\000l\000o\000s\000\040\000d\000e\000l\000\040\000s\000i\000s\000t\000e\000m\000a\000\040\000d\000e\000\040\000h\000a\000r\000d\000w\000a\000r\000e}{chapter.36}% 20
\BOOKMARK [2][-]{subsection.67}{\376\377\000S\000e\000l\000e\000c\000c\000i\000\363\000n\000\040\000d\000e\000\040\000t\000e\000c\000n\000o\000l\000o\000g\000\355\000a\000s\000\040\000a\000\040\000u\000s\000a\000r\000.}{section.37}% 21
\BOOKMARK [2][-]{subsection.68}{\376\377\000S\000i\000n\000t\000o\000n\000i\000z\000a\000c\000i\000\363\000n\000\040\000y\000\040\000v\000e\000r\000i\000f\000i\000c\000a\000c\000i\000\363\000n\000\040\000d\000e\000\040\000l\000a\000\040\000a\000n\000t\000e\000n\000a\000.}{section.37}% 22
\BOOKMARK [2][-]{subsection.69}{\376\377\000D\000e\000s\000a\000r\000r\000o\000l\000l\000o\000\040\000d\000e\000\040\000l\000a\000\040\000c\000a\000p\000a\000\040\000d\000e\000\040\000m\000a\000n\000e\000j\000a\000d\000o\000r\000e\000s\000\040\000d\000e\000\040\000d\000i\000s\000p\000s\000i\000t\000i\000v\000o\000s\000\050\000d\000r\000i\000v\000e\000r\000\051\000.}{section.37}% 23
\BOOKMARK [2][-]{subsection.70}{\376\377\000D\000i\000s\000e\000\361\000o\000\040\000d\000e\000l\000\040\000f\000i\000r\000m\000w\000a\000r\000e}{section.37}% 24
\BOOKMARK [2][-]{subsection.71}{\376\377\000I\000m\000p\000l\000e\000m\000e\000n\000t\000a\000c\000i\000\363\000n\000\040\000d\000e\000l\000\040\000f\000i\000r\000m\000w\000a\000r\000e\000\040\000y\000\040\000h\000e\000r\000r\000a\000m\000i\000e\000n\000t\000a\000s\000\040\000a\000\040\000u\000s\000a\000r\000.}{section.37}% 25
\BOOKMARK [0][-]{chapter.72}{\376\377\000E\000n\000s\000a\000y\000o\000s\000\040\000y\000\040\000R\000e\000s\000u\000l\000t\000a\000d\000o\000s}{}% 26
\BOOKMARK [1][-]{section.73}{\376\377\000P\000r\000u\000e\000b\000a\000s\000\040\000u\000n\000i\000t\000a\000r\000i\000a\000s\000\040\000d\000e\000\040\000m\000a\000n\000e\000j\000a\000d\000o\000r\000e\000s\000\040\000d\000e\000\040\000d\000i\000s\000p\000o\000s\000i\000t\000i\000v\000o\000s\000\040\000\050\000d\000r\000i\000v\000e\000r\000\051}{chapter.72}% 27
\BOOKMARK [1][-]{section.74}{\376\377\000P\000r\000u\000e\000b\000a\000s\000\040\000f\000u\000n\000c\000i\000o\000n\000a\000l\000e\000s\000\040\000s\000o\000b\000r\000e\000\040\000e\000l\000\040\000p\000r\000o\000t\000o\000t\000i\000p\000o\000.}{chapter.72}% 28
\BOOKMARK [1][-]{section.75}{\376\377\000P\000r\000u\000e\000b\000a\000s\000\040\000d\000e\000\040\000i\000n\000t\000e\000g\000r\000a\000c\000i\000\363\000n\000.}{chapter.72}% 29
\BOOKMARK [0][-]{chapter.76}{\376\377\000C\000o\000n\000c\000l\000u\000s\000i\000o\000n\000e\000s}{}% 30
\BOOKMARK [1][-]{section.77}{\376\377\000C\000o\000n\000c\000l\000u\000s\000i\000o\000n\000e\000s\000\040\000g\000e\000n\000e\000r\000a\000l\000e\000s\000\040\000d\000l\000e\000\040\000t\000r\000a\000b\000a\000j\000o\000\040\000r\000e\000a\000l\000i\000z\000a\000d\000o\000.}{chapter.76}% 31
\BOOKMARK [1][-]{section.78}{\376\377\000T\000r\000a\000b\000a\000j\000o\000\040\000f\000u\000t\000u\000r\000o\000.}{chapter.76}% 32
